
================================================================================
FULL SIMULATION PIPELINE
================================================================================

================================================================================
STAGE 1: WETTING INITIALIZATION
================================================================================
Created results directory scratch/sbszkudlarek/TUD_LBM_results/results/2026-02-09_09-41-44_run_wetting_init_4b0da476
Configuration saved to scratch/sbszkudlarek/TUD_LBM_results/results/2026-02-09_09-41-44_run_wetting_init_4b0da476/config.json
Starting LBM simulation with 100000 time steps...
Config -> Grid: (201, 101), Multiphase: True, Wetting: True, Force: True
Step 10000/100000: avg_rho=0.0339, max_u=0.002051
Step 20000/100000: avg_rho=0.0339, max_u=0.002178
Step 30000/100000: avg_rho=0.0339, max_u=0.002518
Step 40000/100000: avg_rho=0.0339, max_u=0.002474
Step 50000/100000: avg_rho=0.0339, max_u=0.002005
Step 60000/100000: avg_rho=0.0339, max_u=0.001908
Step 70000/100000: avg_rho=0.0339, max_u=0.001766
Step 80000/100000: avg_rho=0.0339, max_u=0.001636
Step 90000/100000: avg_rho=0.0339, max_u=0.001536
Step 99999/100000: avg_rho=0.0339, max_u=0.001448
Simulation completed!
Results saved in: scratch/sbszkudlarek/TUD_LBM_results/results/2026-02-09_09-41-44_run_wetting_init_4b0da476

Visualizing Wetting Initialization...
Saving plots to: scratch/sbszkudlarek/TUD_LBM_results/results/2026-02-09_09-41-44_run_wetting_init_4b0da476/plots
Combined simulation analysis plot saved to: scratch/sbszkudlarek/TUD_LBM_results/results/2026-02-09_09-41-44_run_wetting_init_4b0da476/plots/simulation_analysis.png
Finished generating plots for all 10 timesteps.
✓ Visualization complete for Wetting Initialization
✓ run_wetting_init results saved to: /scratch/sbszkudlarek/TUD_LBM_results/results/09-41-44_fa5b4748/run_wetting_init

================================================================================
STAGE 2: RUNNING SIMULATION
================================================================================

================================================================================
STAGE 3A: CHEMICAL STEP RUN (45° incline)
================================================================================
Using electric init output: /scratch/sbszkudlarek/TUD_LBM_results/results/09-41-44_fa5b4748/run_wetting_init/data/timestep_99999.npz
Created results directory scratch/sbszkudlarek/TUD_LBM_results/results/2026-02-09_09-49-41_run_chem_step_855a4cb5
Configuration saved to scratch/sbszkudlarek/TUD_LBM_results/results/2026-02-09_09-49-41_run_chem_step_855a4cb5/config.json
Starting LBM simulation with 100000 time steps...
Config -> Grid: (201, 101), Multiphase: True, Wetting: True, Force: True
Step 500/100000: avg_rho=0.0339, max_u=0.002790
Step 1000/100000: avg_rho=0.0339, max_u=0.003933
Step 1500/100000: avg_rho=0.0339, max_u=0.004189
Step 2000/100000: avg_rho=0.0339, max_u=0.004206
Step 2500/100000: avg_rho=0.0339, max_u=0.004178
Step 3000/100000: avg_rho=0.0339, max_u=0.004214
Step 3500/100000: avg_rho=0.0339, max_u=0.004240
Step 4000/100000: avg_rho=0.0339, max_u=0.004286
Step 4500/100000: avg_rho=0.0339, max_u=0.004258
Step 5000/100000: avg_rho=0.0339, max_u=0.004276
Step 5500/100000: avg_rho=0.0339, max_u=0.004275
Step 6000/100000: avg_rho=0.0339, max_u=0.004307
Step 6500/100000: avg_rho=0.0339, max_u=0.004280
Step 7000/100000: avg_rho=0.0339, max_u=0.004290
Step 7500/100000: avg_rho=0.0339, max_u=0.004259
Step 8000/100000: avg_rho=0.0339, max_u=0.004243
Step 8500/100000: avg_rho=0.0339, max_u=0.004249
Step 9000/100000: avg_rho=0.0339, max_u=0.004190
Step 9500/100000: avg_rho=0.0339, max_u=0.004202
Step 10000/100000: avg_rho=0.0339, max_u=0.004192
Step 10500/100000: avg_rho=0.0339, max_u=0.004202
Step 11000/100000: avg_rho=0.0339, max_u=0.004212
Step 11500/100000: avg_rho=0.0339, max_u=0.004268
Step 12000/100000: avg_rho=0.0339, max_u=0.004207
Step 12500/100000: avg_rho=0.0339, max_u=0.004232
Step 13000/100000: avg_rho=0.0339, max_u=0.004208
Step 13500/100000: avg_rho=0.0339, max_u=0.004240
Step 14000/100000: avg_rho=0.0339, max_u=0.004320
Step 14500/100000: avg_rho=0.0339, max_u=0.010151
Step 15000/100000: avg_rho=0.0339, max_u=0.009213
Step 15500/100000: avg_rho=0.0339, max_u=0.008940
Step 16000/100000: avg_rho=0.0339, max_u=0.009002
Step 16500/100000: avg_rho=0.0339, max_u=0.009116
Step 17000/100000: avg_rho=0.0339, max_u=0.009116
Step 17500/100000: avg_rho=0.0339, max_u=0.010573
Step 18000/100000: avg_rho=0.0339, max_u=0.030078
Step 18500/100000: avg_rho=0.0339, max_u=0.725319
NaN encountered at timestep 18533. Stopping simulation.
Simulation completed!
Results saved in: scratch/sbszkudlarek/TUD_LBM_results/results/2026-02-09_09-49-41_run_chem_step_855a4cb5

Visualizing Chemical Step...
Saving plots to: scratch/sbszkudlarek/TUD_LBM_results/results/2026-02-09_09-49-41_run_chem_step_855a4cb5/plots
Combined simulation analysis plot saved to: scratch/sbszkudlarek/TUD_LBM_results/results/2026-02-09_09-49-41_run_chem_step_855a4cb5/plots/simulation_analysis.png
Finished generating plots for all 37 timesteps.
✓ Visualization complete for Chemical Step
✓ run_chem_step results saved to: /scratch/sbszkudlarek/TUD_LBM_results/results/09-41-44_fa5b4748/run_chem_step

================================================================================
ALL SIMULATIONS COMPLETED AND VISUALIZED
================================================================================

✓ Pipeline root directory: /home/sbszkudlarek/TUD_LBM/results/2026-02-09/09-41-44_fa5b4748
✓ Wetting init results: /scratch/sbszkudlarek/TUD_LBM_results/results/09-41-44_fa5b4748/run_wetting_init
✓ Chemical step results: /scratch/sbszkudlarek/TUD_LBM_results/results/09-41-44_fa5b4748/run_chem_step

Plots have been saved to each stage's plots/ directory
