
================================================================================
FULL SIMULATION PIPELINE
================================================================================

================================================================================
STAGE 1: WETTING INITIALIZATION
================================================================================
Created results directory scratch/sbszkudlarek/TUD_LBM_results/results/2026-02-09_09-41-37_run_wetting_init_267ec7aa
Configuration saved to scratch/sbszkudlarek/TUD_LBM_results/results/2026-02-09_09-41-37_run_wetting_init_267ec7aa/config.json
Starting LBM simulation with 100000 time steps...
Config -> Grid: (201, 101), Multiphase: True, Wetting: True, Force: True
Step 10000/100000: avg_rho=0.0339, max_u=0.002051
Step 20000/100000: avg_rho=0.0339, max_u=0.002178
Step 30000/100000: avg_rho=0.0339, max_u=0.002518
Step 40000/100000: avg_rho=0.0339, max_u=0.002474
Step 50000/100000: avg_rho=0.0339, max_u=0.002005
Step 60000/100000: avg_rho=0.0339, max_u=0.001908
Step 70000/100000: avg_rho=0.0339, max_u=0.001766
Step 80000/100000: avg_rho=0.0339, max_u=0.001636
Step 90000/100000: avg_rho=0.0339, max_u=0.001536
Step 99999/100000: avg_rho=0.0339, max_u=0.001448
Simulation completed!
Results saved in: scratch/sbszkudlarek/TUD_LBM_results/results/2026-02-09_09-41-37_run_wetting_init_267ec7aa

Visualizing Wetting Initialization...
Saving plots to: scratch/sbszkudlarek/TUD_LBM_results/results/2026-02-09_09-41-37_run_wetting_init_267ec7aa/plots
Combined simulation analysis plot saved to: scratch/sbszkudlarek/TUD_LBM_results/results/2026-02-09_09-41-37_run_wetting_init_267ec7aa/plots/simulation_analysis.png
Finished generating plots for all 10 timesteps.
✓ Visualization complete for Wetting Initialization
✓ run_wetting_init results saved to: /scratch/sbszkudlarek/TUD_LBM_results/results/09-41-37_2b30dda8/run_wetting_init

================================================================================
STAGE 2: RUNNING SIMULATION
================================================================================

================================================================================
STAGE 3A: CHEMICAL STEP RUN (45° incline)
================================================================================
Using electric init output: /scratch/sbszkudlarek/TUD_LBM_results/results/09-41-37_2b30dda8/run_wetting_init/data/timestep_99999.npz
Created results directory scratch/sbszkudlarek/TUD_LBM_results/results/2026-02-09_09-49-11_run_chem_step_a4c0d997
Configuration saved to scratch/sbszkudlarek/TUD_LBM_results/results/2026-02-09_09-49-11_run_chem_step_a4c0d997/config.json
Starting LBM simulation with 100000 time steps...
Config -> Grid: (201, 101), Multiphase: True, Wetting: True, Force: True
Step 500/100000: avg_rho=0.0339, max_u=0.003742
Step 1000/100000: avg_rho=0.0339, max_u=0.005254
Step 1500/100000: avg_rho=0.0339, max_u=0.005536
Step 2000/100000: avg_rho=0.0339, max_u=0.005180
Step 2500/100000: avg_rho=0.0339, max_u=0.004982
Step 3000/100000: avg_rho=0.0339, max_u=0.004945
Step 3500/100000: avg_rho=0.0339, max_u=0.005051
Step 4000/100000: avg_rho=0.0339, max_u=0.005044
Step 4500/100000: avg_rho=0.0339, max_u=0.005147
Step 5000/100000: avg_rho=0.0339, max_u=0.005088
Step 5500/100000: avg_rho=0.0339, max_u=0.005103
Step 6000/100000: avg_rho=0.0339, max_u=0.005064
Step 6500/100000: avg_rho=0.0339, max_u=0.005072
Step 7000/100000: avg_rho=0.0339, max_u=0.005030
Step 7500/100000: avg_rho=0.0339, max_u=0.005051
Step 8000/100000: avg_rho=0.0339, max_u=0.005000
Step 8500/100000: avg_rho=0.0339, max_u=0.005028
Step 9000/100000: avg_rho=0.0339, max_u=0.004981
Step 9500/100000: avg_rho=0.0339, max_u=0.005011
Step 10000/100000: avg_rho=0.0339, max_u=0.004972
Step 10500/100000: avg_rho=0.0339, max_u=0.004968
Step 11000/100000: avg_rho=0.0339, max_u=0.004942
Step 11500/100000: avg_rho=0.0339, max_u=0.004982
Step 12000/100000: avg_rho=0.0339, max_u=0.005070
Step 12500/100000: avg_rho=0.0339, max_u=0.010060
Step 13000/100000: avg_rho=0.0339, max_u=0.009396
Step 13500/100000: avg_rho=0.0339, max_u=0.009788
Step 14000/100000: avg_rho=0.0339, max_u=0.010000
Step 14500/100000: avg_rho=0.0339, max_u=0.009984
Step 15000/100000: avg_rho=0.0339, max_u=0.020497
NaN encountered at timestep 15204. Stopping simulation.
Simulation completed!
Results saved in: scratch/sbszkudlarek/TUD_LBM_results/results/2026-02-09_09-49-11_run_chem_step_a4c0d997

Visualizing Chemical Step...
Saving plots to: scratch/sbszkudlarek/TUD_LBM_results/results/2026-02-09_09-49-11_run_chem_step_a4c0d997/plots
Combined simulation analysis plot saved to: scratch/sbszkudlarek/TUD_LBM_results/results/2026-02-09_09-49-11_run_chem_step_a4c0d997/plots/simulation_analysis.png
Finished generating plots for all 30 timesteps.
✓ Visualization complete for Chemical Step
✓ run_chem_step results saved to: /scratch/sbszkudlarek/TUD_LBM_results/results/09-41-37_2b30dda8/run_chem_step

================================================================================
ALL SIMULATIONS COMPLETED AND VISUALIZED
================================================================================

✓ Pipeline root directory: /home/sbszkudlarek/TUD_LBM/results/2026-02-09/09-41-37_2b30dda8
✓ Wetting init results: /scratch/sbszkudlarek/TUD_LBM_results/results/09-41-37_2b30dda8/run_wetting_init
✓ Chemical step results: /scratch/sbszkudlarek/TUD_LBM_results/results/09-41-37_2b30dda8/run_chem_step

Plots have been saved to each stage's plots/ directory
